{
    "__module__": "__main__", 
    "__class__": "Table", 
    "player_list": [
        {
            "__module__": "__main__", 
            "incoming": 13.8, 
            "name": "你看不见的想念", 
            "farm": 75, 
            "__class__": "Player", 
            "KDA": "5/5/7", 
            "equipments": [
                "1037", 
                "1038", 
                "3812", 
                "3006", 
                "3046", 
                "3508", 
                "3363"
            ], 
            "role": "Lucian", 
            "img_src": "http://img.lolbox.duowan.com/champions/Lucian_28x28.jpg"
        }, 
        {
            "__module__": "__main__", 
            "incoming": 10.8, 
            "name": "我很厉害会发光哟", 
            "farm": 36, 
            "__class__": "Player", 
            "KDA": "4/6/4", 
            "equipments": [
                "3285", 
                "1082", 
                "3020", 
                "3165", 
                "1052", 
                "1026", 
                "3363"
            ], 
            "role": "Lulu", 
            "img_src": "http://img.lolbox.duowan.com/champions/Lulu_28x28.jpg"
        }, 
        {
            "__module__": "__main__", 
            "incoming": 9.4, 
            "name": "好想抱鲨鱼喔T3T", 
            "farm": 0, 
            "__class__": "Player", 
            "KDA": "2/8/9", 
            "equipments": [
                "2031", 
                "3009", 
                "3092", 
                "2049", 
                "3151", 
                "3108", 
                "3364"
            ], 
            "role": "Zyra", 
            "img_src": "http://img.lolbox.duowan.com/champions/Zyra_28x28.jpg"
        }, 
        {
            "__module__": "__main__", 
            "incoming": 10.4, 
            "name": "不愿将就TnT", 
            "farm": 40, 
            "__class__": "Player", 
            "KDA": "3/10/1", 
            "equipments": [
                "3155", 
                "3748", 
                "3111", 
                "3134", 
                "1400", 
                "3364"
            ], 
            "role": "RekSai", 
            "img_src": "http://img.lolbox.duowan.com/champions/RekSai_28x28.jpg"
        }, 
        {
            "__module__": "__main__", 
            "incoming": 13.1, 
            "name": "Neil小默契a", 
            "farm": 64, 
            "__class__": "Player", 
            "KDA": "8/9/4", 
            "equipments": [
                "3074", 
                "3071", 
                "3047", 
                "1055", 
                "3156", 
                "1029", 
                "3363"
            ], 
            "role": "Fiora", 
            "img_src": "http://img.lolbox.duowan.com/champions/Fiora_28x28.jpg"
        }
    ]
}