{
    "__module__": "__main__", 
    "__class__": "Table", 
    "player_list": [
        {
            "__module__": "__main__", 
            "incoming": 14.4, 
            "name": "一颗迷茫的流星", 
            "farm": 53, 
            "__class__": "Player", 
            "KDA": "6/4/9", 
            "equipments": [
                "1410", 
                "1031", 
                "3135", 
                "3025", 
                "3158", 
                "3001", 
                "3364"
            ], 
            "role": "Nidalee", 
            "img_src": "http://img.lolbox.duowan.com/champions/Nidalee_28x28.jpg"
        }, 
        {
            "__module__": "__main__", 
            "incoming": 14.3, 
            "name": "MG丶TianRan", 
            "farm": 71, 
            "__class__": "Player", 
            "KDA": "11/4/7", 
            "equipments": [
                "3142", 
                "1037", 
                "3156", 
                "1333", 
                "3133", 
                "3147", 
                "3363"
            ], 
            "role": "Pantheon", 
            "img_src": "http://img.lolbox.duowan.com/champions/Pantheon_28x28.jpg"
        }, 
        {
            "__module__": "__main__", 
            "incoming": 9.7, 
            "name": "明教灬灬光明左使", 
            "farm": 11, 
            "__class__": "Player", 
            "KDA": "1/3/12", 
            "equipments": [
                "2031", 
                "2303", 
                "3009", 
                "3110", 
                "1031", 
                "3190", 
                "3340"
            ], 
            "role": "Leona", 
            "img_src": "http://img.lolbox.duowan.com/champions/Leona_28x28.jpg"
        }, 
        {
            "__module__": "__main__", 
            "incoming": 15.3, 
            "name": "家有爱妻瑾宝宝ii", 
            "farm": 62, 
            "__class__": "Player", 
            "KDA": "9/4/7", 
            "equipments": [
                "3042", 
                "3153", 
                "3140", 
                "3009", 
                "3025", 
                "3155", 
                "3363"
            ], 
            "role": "Ezreal", 
            "img_src": "http://img.lolbox.duowan.com/champions/Ezreal_28x28.jpg"
        }, 
        {
            "__module__": "__main__", 
            "incoming": 14.7, 
            "name": "你有问题兄弟丶", 
            "farm": 65, 
            "__class__": "Player", 
            "KDA": "11/7/10", 
            "equipments": [
                "3046", 
                "3035", 
                "3142", 
                "3144", 
                "3053", 
                "1308", 
                "3363"
            ], 
            "role": "Quinn", 
            "img_src": "http://img.lolbox.duowan.com/champions/Quinn_28x28.jpg"
        }
    ]
}